{"C:\\Users\\ender\\OneDrive\\Planner\\ProjectX\\server\\src\\controllers\\UserController.ts": {"path":"C:\\Users\\ender\\OneDrive\\Planner\\ProjectX\\server\\src\\controllers\\UserController.ts","statementMap":{"0":{"start":{"line":2,"column":0},"end":{"line":2,"column":90}},"1":{"start":{"line":6,"column":4},"end":{"line":11,"column":null}},"2":{"start":{"line":7,"column":30},"end":{"line":7,"column":78}},"3":{"start":{"line":8,"column":6},"end":{"line":8,"column":32}},"4":{"start":{"line":10,"column":6},"end":{"line":10,"column":18}},"5":{"start":{"line":15,"column":4},"end":{"line":20,"column":null}},"6":{"start":{"line":16,"column":27},"end":{"line":16,"column":72}},"7":{"start":{"line":17,"column":6},"end":{"line":17,"column":29}},"8":{"start":{"line":19,"column":6},"end":{"line":19,"column":18}},"9":{"start":{"line":24,"column":4},"end":{"line":29,"column":null}},"10":{"start":{"line":25,"column":24},"end":{"line":25,"column":71}},"11":{"start":{"line":26,"column":6},"end":{"line":26,"column":26}},"12":{"start":{"line":28,"column":6},"end":{"line":28,"column":18}},"13":{"start":{"line":33,"column":4},"end":{"line":38,"column":null}},"14":{"start":{"line":34,"column":22},"end":{"line":34,"column":68}},"15":{"start":{"line":35,"column":6},"end":{"line":35,"column":24}},"16":{"start":{"line":37,"column":6},"end":{"line":37,"column":18}},"17":{"start":{"line":4,"column":0},"end":{"line":4,"column":13}}},"fnMap":{"0":{"name":"(anonymous_7)","decl":{"start":{"line":5,"column":8},"end":{"line":5,"column":21}},"loc":{"start":{"line":5,"column":69},"end":{"line":12,"column":null}}},"1":{"name":"(anonymous_9)","decl":{"start":{"line":14,"column":8},"end":{"line":14,"column":18}},"loc":{"start":{"line":14,"column":66},"end":{"line":21,"column":null}}},"2":{"name":"(anonymous_11)","decl":{"start":{"line":23,"column":8},"end":{"line":23,"column":19}},"loc":{"start":{"line":23,"column":67},"end":{"line":30,"column":null}}},"3":{"name":"(anonymous_13)","decl":{"start":{"line":32,"column":8},"end":{"line":32,"column":18}},"loc":{"start":{"line":32,"column":66},"end":{"line":39,"column":null}}}},"branchMap":{},"s":{"0":1,"1":0,"2":0,"3":0,"4":0,"5":0,"6":0,"7":0,"8":0,"9":0,"10":0,"11":0,"12":0,"13":1,"14":1,"15":1,"16":0,"17":1},"f":{"0":0,"1":0,"2":0,"3":1},"b":{}}
,"C:\\Users\\ender\\OneDrive\\Planner\\ProjectX\\server\\src\\model\\domain\\entities\\dailyTasks\\dailySubtaskNotificationTime.ts": {"path":"C:\\Users\\ender\\OneDrive\\Planner\\ProjectX\\server\\src\\model\\domain\\entities\\dailyTasks\\dailySubtaskNotificationTime.ts","statementMap":{"0":{"start":{"line":1,"column":0},"end":{"line":1,"column":null}},"1":{"start":{"line":11,"column":0},"end":{"line":11,"column":71}},"2":{"start":{"line":14,"column":7},"end":{"line":24,"column":null}},"3":{"start":{"line":14,"column":13},"end":{"line":14,"column":41}},"4":{"start":{"line":16,"column":2},"end":{"line":16,"column":null}},"5":{"start":{"line":20,"column":2},"end":{"line":20,"column":null}},"6":{"start":{"line":18,"column":20},"end":{"line":18,"column":44}},"7":{"start":{"line":23,"column":2},"end":{"line":23,"column":null}},"8":{"start":{"line":22,"column":19},"end":{"line":22,"column":43}},"9":{"start":{"line":14,"column":13},"end":{"line":24,"column":null}}},"fnMap":{"0":{"name":"(anonymous_2)","decl":{"start":{"line":18,"column":14},"end":{"line":18,"column":17}},"loc":{"start":{"line":18,"column":20},"end":{"line":18,"column":44}}},"1":{"name":"(anonymous_3)","decl":{"start":{"line":22,"column":13},"end":{"line":22,"column":16}},"loc":{"start":{"line":22,"column":19},"end":{"line":22,"column":43}}}},"branchMap":{},"s":{"0":2,"1":2,"2":2,"3":2,"4":2,"5":2,"6":0,"7":2,"8":0,"9":2},"f":{"0":0,"1":0},"b":{}}
,"C:\\Users\\ender\\OneDrive\\Planner\\ProjectX\\server\\src\\model\\domain\\entities\\dailyTasks\\dailySubtaskNotifications.ts": {"path":"C:\\Users\\ender\\OneDrive\\Planner\\ProjectX\\server\\src\\model\\domain\\entities\\dailyTasks\\dailySubtaskNotifications.ts","statementMap":{"0":{"start":{"line":1,"column":0},"end":{"line":1,"column":null}},"1":{"start":{"line":11,"column":0},"end":{"line":11,"column":47}},"2":{"start":{"line":12,"column":0},"end":{"line":12,"column":78}},"3":{"start":{"line":15,"column":7},"end":{"line":34,"column":null}},"4":{"start":{"line":15,"column":13},"end":{"line":15,"column":37}},"5":{"start":{"line":17,"column":2},"end":{"line":17,"column":null}},"6":{"start":{"line":20,"column":2},"end":{"line":20,"column":null}},"7":{"start":{"line":23,"column":2},"end":{"line":23,"column":null}},"8":{"start":{"line":27,"column":2},"end":{"line":27,"column":null}},"9":{"start":{"line":25,"column":20},"end":{"line":25,"column":32}},"10":{"start":{"line":30,"column":2},"end":{"line":30,"column":null}},"11":{"start":{"line":29,"column":19},"end":{"line":29,"column":31}},"12":{"start":{"line":33,"column":2},"end":{"line":33,"column":null}},"13":{"start":{"line":32,"column":17},"end":{"line":32,"column":45}},"14":{"start":{"line":15,"column":13},"end":{"line":34,"column":null}}},"fnMap":{"0":{"name":"(anonymous_2)","decl":{"start":{"line":25,"column":14},"end":{"line":25,"column":17}},"loc":{"start":{"line":25,"column":20},"end":{"line":25,"column":32}}},"1":{"name":"(anonymous_3)","decl":{"start":{"line":29,"column":13},"end":{"line":29,"column":16}},"loc":{"start":{"line":29,"column":19},"end":{"line":29,"column":31}}},"2":{"name":"(anonymous_4)","decl":{"start":{"line":32,"column":11},"end":{"line":32,"column":14}},"loc":{"start":{"line":32,"column":17},"end":{"line":32,"column":45}}}},"branchMap":{},"s":{"0":2,"1":2,"2":2,"3":2,"4":2,"5":2,"6":2,"7":2,"8":2,"9":0,"10":2,"11":0,"12":2,"13":0,"14":2},"f":{"0":0,"1":0,"2":0},"b":{}}
,"C:\\Users\\ender\\OneDrive\\Planner\\ProjectX\\server\\src\\model\\domain\\entities\\dailyTasks\\dailySubtasks.ts": {"path":"C:\\Users\\ender\\OneDrive\\Planner\\ProjectX\\server\\src\\model\\domain\\entities\\dailyTasks\\dailySubtasks.ts","statementMap":{"0":{"start":{"line":1,"column":0},"end":{"line":1,"column":null}},"1":{"start":{"line":12,"column":0},"end":{"line":12,"column":41}},"2":{"start":{"line":13,"column":0},"end":{"line":13,"column":71}},"3":{"start":{"line":17,"column":7},"end":{"line":42,"column":null}},"4":{"start":{"line":17,"column":13},"end":{"line":17,"column":25}},"5":{"start":{"line":19,"column":2},"end":{"line":19,"column":null}},"6":{"start":{"line":23,"column":2},"end":{"line":23,"column":null}},"7":{"start":{"line":27,"column":2},"end":{"line":27,"column":null}},"8":{"start":{"line":31,"column":2},"end":{"line":31,"column":null}},"9":{"start":{"line":35,"column":2},"end":{"line":35,"column":null}},"10":{"start":{"line":33,"column":20},"end":{"line":33,"column":29}},"11":{"start":{"line":38,"column":2},"end":{"line":38,"column":null}},"12":{"start":{"line":37,"column":19},"end":{"line":37,"column":28}},"13":{"start":{"line":41,"column":2},"end":{"line":41,"column":null}},"14":{"start":{"line":40,"column":16},"end":{"line":40,"column":40}},"15":{"start":{"line":17,"column":13},"end":{"line":42,"column":null}}},"fnMap":{"0":{"name":"(anonymous_2)","decl":{"start":{"line":33,"column":14},"end":{"line":33,"column":17}},"loc":{"start":{"line":33,"column":20},"end":{"line":33,"column":29}}},"1":{"name":"(anonymous_3)","decl":{"start":{"line":37,"column":13},"end":{"line":37,"column":16}},"loc":{"start":{"line":37,"column":19},"end":{"line":37,"column":28}}},"2":{"name":"(anonymous_4)","decl":{"start":{"line":40,"column":10},"end":{"line":40,"column":13}},"loc":{"start":{"line":40,"column":16},"end":{"line":40,"column":40}}}},"branchMap":{},"s":{"0":2,"1":2,"2":2,"3":2,"4":2,"5":2,"6":2,"7":2,"8":2,"9":2,"10":0,"11":2,"12":0,"13":2,"14":0,"15":2},"f":{"0":0,"1":0,"2":0},"b":{}}
,"C:\\Users\\ender\\OneDrive\\Planner\\ProjectX\\server\\src\\model\\domain\\entities\\dailyTasks\\dailyTasks.ts": {"path":"C:\\Users\\ender\\OneDrive\\Planner\\ProjectX\\server\\src\\model\\domain\\entities\\dailyTasks\\dailyTasks.ts","statementMap":{"0":{"start":{"line":1,"column":0},"end":{"line":1,"column":90}},"1":{"start":{"line":2,"column":0},"end":{"line":2,"column":37}},"2":{"start":{"line":3,"column":0},"end":{"line":3,"column":47}},"3":{"start":{"line":7,"column":7},"end":{"line":23,"column":null}},"4":{"start":{"line":7,"column":13},"end":{"line":7,"column":22}},"5":{"start":{"line":9,"column":2},"end":{"line":9,"column":null}},"6":{"start":{"line":12,"column":2},"end":{"line":12,"column":null}},"7":{"start":{"line":16,"column":2},"end":{"line":16,"column":null}},"8":{"start":{"line":14,"column":18},"end":{"line":14,"column":22}},"9":{"start":{"line":19,"column":2},"end":{"line":19,"column":null}},"10":{"start":{"line":18,"column":17},"end":{"line":18,"column":21}},"11":{"start":{"line":22,"column":2},"end":{"line":22,"column":null}},"12":{"start":{"line":21,"column":15},"end":{"line":21,"column":27}},"13":{"start":{"line":7,"column":13},"end":{"line":23,"column":null}}},"fnMap":{"0":{"name":"(anonymous_2)","decl":{"start":{"line":14,"column":14},"end":{"line":14,"column":16}},"loc":{"start":{"line":14,"column":18},"end":{"line":14,"column":22}}},"1":{"name":"(anonymous_3)","decl":{"start":{"line":18,"column":13},"end":{"line":18,"column":15}},"loc":{"start":{"line":18,"column":17},"end":{"line":18,"column":21}}},"2":{"name":"(anonymous_4)","decl":{"start":{"line":21,"column":11},"end":{"line":21,"column":13}},"loc":{"start":{"line":21,"column":15},"end":{"line":21,"column":27}}}},"branchMap":{},"s":{"0":2,"1":2,"2":2,"3":2,"4":2,"5":2,"6":2,"7":2,"8":0,"9":2,"10":0,"11":2,"12":0,"13":2},"f":{"0":0,"1":0,"2":0},"b":{}}
,"C:\\Users\\ender\\OneDrive\\Planner\\ProjectX\\server\\src\\model\\domain\\entities\\tasks\\attachments.ts": {"path":"C:\\Users\\ender\\OneDrive\\Planner\\ProjectX\\server\\src\\model\\domain\\entities\\tasks\\attachments.ts","statementMap":{"0":{"start":{"line":1,"column":0},"end":{"line":1,"column":81}},"1":{"start":{"line":2,"column":0},"end":{"line":2,"column":37}},"2":{"start":{"line":6,"column":7},"end":{"line":17,"column":null}},"3":{"start":{"line":6,"column":13},"end":{"line":6,"column":23}},"4":{"start":{"line":9,"column":2},"end":{"line":9,"column":null}},"5":{"start":{"line":13,"column":2},"end":{"line":13,"column":null}},"6":{"start":{"line":11,"column":18},"end":{"line":11,"column":25}},"7":{"start":{"line":16,"column":2},"end":{"line":16,"column":null}},"8":{"start":{"line":15,"column":17},"end":{"line":15,"column":24}},"9":{"start":{"line":6,"column":13},"end":{"line":17,"column":null}}},"fnMap":{"0":{"name":"(anonymous_2)","decl":{"start":{"line":11,"column":14},"end":{"line":11,"column":16}},"loc":{"start":{"line":11,"column":18},"end":{"line":11,"column":25}}},"1":{"name":"(anonymous_3)","decl":{"start":{"line":15,"column":13},"end":{"line":15,"column":15}},"loc":{"start":{"line":15,"column":17},"end":{"line":15,"column":24}}}},"branchMap":{},"s":{"0":2,"1":2,"2":2,"3":2,"4":2,"5":2,"6":0,"7":2,"8":0,"9":2},"f":{"0":0,"1":0},"b":{}}
,"C:\\Users\\ender\\OneDrive\\Planner\\ProjectX\\server\\src\\model\\domain\\entities\\tasks\\folderChild.ts": {"path":"C:\\Users\\ender\\OneDrive\\Planner\\ProjectX\\server\\src\\model\\domain\\entities\\tasks\\folderChild.ts","statementMap":{"0":{"start":{"line":1,"column":0},"end":{"line":1,"column":72}},"1":{"start":{"line":2,"column":0},"end":{"line":2,"column":35}},"2":{"start":{"line":6,"column":7},"end":{"line":16,"column":null}},"3":{"start":{"line":6,"column":13},"end":{"line":6,"column":24}},"4":{"start":{"line":10,"column":2},"end":{"line":10,"column":null}},"5":{"start":{"line":8,"column":18},"end":{"line":8,"column":24}},"6":{"start":{"line":14,"column":2},"end":{"line":14,"column":null}},"7":{"start":{"line":12,"column":18},"end":{"line":12,"column":24}},"8":{"start":{"line":6,"column":13},"end":{"line":16,"column":null}}},"fnMap":{"0":{"name":"(anonymous_2)","decl":{"start":{"line":8,"column":14},"end":{"line":8,"column":16}},"loc":{"start":{"line":8,"column":18},"end":{"line":8,"column":24}}},"1":{"name":"(anonymous_3)","decl":{"start":{"line":12,"column":14},"end":{"line":12,"column":16}},"loc":{"start":{"line":12,"column":18},"end":{"line":12,"column":24}}}},"branchMap":{},"s":{"0":2,"1":2,"2":2,"3":2,"4":2,"5":0,"6":2,"7":0,"8":2},"f":{"0":0,"1":0},"b":{}}
,"C:\\Users\\ender\\OneDrive\\Planner\\ProjectX\\server\\src\\model\\domain\\entities\\tasks\\folderParent.ts": {"path":"C:\\Users\\ender\\OneDrive\\Planner\\ProjectX\\server\\src\\model\\domain\\entities\\tasks\\folderParent.ts","statementMap":{"0":{"start":{"line":1,"column":0},"end":{"line":1,"column":90}},"1":{"start":{"line":3,"column":0},"end":{"line":3,"column":35}},"2":{"start":{"line":7,"column":7},"end":{"line":17,"column":null}},"3":{"start":{"line":7,"column":13},"end":{"line":7,"column":25}},"4":{"start":{"line":11,"column":2},"end":{"line":11,"column":null}},"5":{"start":{"line":9,"column":18},"end":{"line":9,"column":24}},"6":{"start":{"line":15,"column":2},"end":{"line":15,"column":null}},"7":{"start":{"line":13,"column":18},"end":{"line":13,"column":24}},"8":{"start":{"line":7,"column":13},"end":{"line":17,"column":null}}},"fnMap":{"0":{"name":"(anonymous_2)","decl":{"start":{"line":9,"column":14},"end":{"line":9,"column":16}},"loc":{"start":{"line":9,"column":18},"end":{"line":9,"column":24}}},"1":{"name":"(anonymous_3)","decl":{"start":{"line":13,"column":14},"end":{"line":13,"column":16}},"loc":{"start":{"line":13,"column":18},"end":{"line":13,"column":24}}}},"branchMap":{},"s":{"0":2,"1":2,"2":2,"3":2,"4":2,"5":0,"6":2,"7":0,"8":2},"f":{"0":0,"1":0},"b":{}}
,"C:\\Users\\ender\\OneDrive\\Planner\\ProjectX\\server\\src\\model\\domain\\entities\\tasks\\folders.ts": {"path":"C:\\Users\\ender\\OneDrive\\Planner\\ProjectX\\server\\src\\model\\domain\\entities\\tasks\\folders.ts","statementMap":{"0":{"start":{"line":1,"column":0},"end":{"line":1,"column":122}},"1":{"start":{"line":2,"column":0},"end":{"line":2,"column":37}},"2":{"start":{"line":3,"column":0},"end":{"line":3,"column":31}},"3":{"start":{"line":4,"column":0},"end":{"line":4,"column":46}},"4":{"start":{"line":5,"column":0},"end":{"line":5,"column":44}},"5":{"start":{"line":9,"column":7},"end":{"line":34,"column":null}},"6":{"start":{"line":9,"column":13},"end":{"line":9,"column":19}},"7":{"start":{"line":12,"column":2},"end":{"line":12,"column":null}},"8":{"start":{"line":16,"column":2},"end":{"line":16,"column":null}},"9":{"start":{"line":20,"column":2},"end":{"line":20,"column":null}},"10":{"start":{"line":18,"column":18},"end":{"line":18,"column":22}},"11":{"start":{"line":23,"column":2},"end":{"line":23,"column":null}},"12":{"start":{"line":22,"column":17},"end":{"line":22,"column":21}},"13":{"start":{"line":26,"column":2},"end":{"line":26,"column":null}},"14":{"start":{"line":25,"column":15},"end":{"line":25,"column":19}},"15":{"start":{"line":29,"column":2},"end":{"line":29,"column":null}},"16":{"start":{"line":28,"column":21},"end":{"line":28,"column":27}},"17":{"start":{"line":28,"column":32},"end":{"line":28,"column":44}},"18":{"start":{"line":32,"column":2},"end":{"line":32,"column":null}},"19":{"start":{"line":31,"column":21},"end":{"line":31,"column":27}},"20":{"start":{"line":31,"column":32},"end":{"line":31,"column":43}},"21":{"start":{"line":9,"column":13},"end":{"line":34,"column":null}}},"fnMap":{"0":{"name":"(anonymous_2)","decl":{"start":{"line":18,"column":14},"end":{"line":18,"column":16}},"loc":{"start":{"line":18,"column":18},"end":{"line":18,"column":22}}},"1":{"name":"(anonymous_3)","decl":{"start":{"line":22,"column":13},"end":{"line":22,"column":15}},"loc":{"start":{"line":22,"column":17},"end":{"line":22,"column":21}}},"2":{"name":"(anonymous_4)","decl":{"start":{"line":25,"column":11},"end":{"line":25,"column":13}},"loc":{"start":{"line":25,"column":15},"end":{"line":25,"column":19}}},"3":{"name":"(anonymous_5)","decl":{"start":{"line":28,"column":17},"end":{"line":28,"column":19}},"loc":{"start":{"line":28,"column":21},"end":{"line":28,"column":27}}},"4":{"name":"(anonymous_6)","decl":{"start":{"line":28,"column":28},"end":{"line":28,"column":30}},"loc":{"start":{"line":28,"column":32},"end":{"line":28,"column":44}}},"5":{"name":"(anonymous_7)","decl":{"start":{"line":31,"column":17},"end":{"line":31,"column":19}},"loc":{"start":{"line":31,"column":21},"end":{"line":31,"column":27}}},"6":{"name":"(anonymous_8)","decl":{"start":{"line":31,"column":28},"end":{"line":31,"column":30}},"loc":{"start":{"line":31,"column":32},"end":{"line":31,"column":43}}}},"branchMap":{},"s":{"0":2,"1":2,"2":2,"3":2,"4":2,"5":2,"6":2,"7":2,"8":2,"9":2,"10":0,"11":2,"12":0,"13":2,"14":0,"15":2,"16":0,"17":0,"18":2,"19":0,"20":0,"21":2},"f":{"0":0,"1":0,"2":0,"3":0,"4":0,"5":0,"6":0},"b":{}}
,"C:\\Users\\ender\\OneDrive\\Planner\\ProjectX\\server\\src\\model\\domain\\entities\\tasks\\goals.ts": {"path":"C:\\Users\\ender\\OneDrive\\Planner\\ProjectX\\server\\src\\model\\domain\\entities\\tasks\\goals.ts","statementMap":{"0":{"start":{"line":1,"column":0},"end":{"line":1,"column":90}},"1":{"start":{"line":2,"column":0},"end":{"line":2,"column":35}},"2":{"start":{"line":3,"column":0},"end":{"line":3,"column":31}},"3":{"start":{"line":7,"column":7},"end":{"line":28,"column":null}},"4":{"start":{"line":7,"column":13},"end":{"line":7,"column":17}},"5":{"start":{"line":10,"column":2},"end":{"line":10,"column":null}},"6":{"start":{"line":13,"column":2},"end":{"line":13,"column":null}},"7":{"start":{"line":16,"column":2},"end":{"line":16,"column":null}},"8":{"start":{"line":20,"column":2},"end":{"line":20,"column":null}},"9":{"start":{"line":18,"column":18},"end":{"line":18,"column":24}},"10":{"start":{"line":23,"column":2},"end":{"line":23,"column":null}},"11":{"start":{"line":22,"column":17},"end":{"line":22,"column":23}},"12":{"start":{"line":26,"column":2},"end":{"line":26,"column":null}},"13":{"start":{"line":25,"column":15},"end":{"line":25,"column":19}},"14":{"start":{"line":7,"column":13},"end":{"line":28,"column":null}}},"fnMap":{"0":{"name":"(anonymous_2)","decl":{"start":{"line":18,"column":14},"end":{"line":18,"column":16}},"loc":{"start":{"line":18,"column":18},"end":{"line":18,"column":24}}},"1":{"name":"(anonymous_3)","decl":{"start":{"line":22,"column":13},"end":{"line":22,"column":15}},"loc":{"start":{"line":22,"column":17},"end":{"line":22,"column":23}}},"2":{"name":"(anonymous_4)","decl":{"start":{"line":25,"column":11},"end":{"line":25,"column":13}},"loc":{"start":{"line":25,"column":15},"end":{"line":25,"column":19}}}},"branchMap":{},"s":{"0":2,"1":2,"2":2,"3":2,"4":2,"5":2,"6":2,"7":2,"8":2,"9":0,"10":2,"11":0,"12":2,"13":0,"14":2},"f":{"0":0,"1":0,"2":0},"b":{}}
,"C:\\Users\\ender\\OneDrive\\Planner\\ProjectX\\server\\src\\model\\domain\\entities\\tasks\\subtaskInfos.ts": {"path":"C:\\Users\\ender\\OneDrive\\Planner\\ProjectX\\server\\src\\model\\domain\\entities\\tasks\\subtaskInfos.ts","statementMap":{"0":{"start":{"line":1,"column":0},"end":{"line":1,"column":90}},"1":{"start":{"line":4,"column":0},"end":{"line":4,"column":37}},"2":{"start":{"line":8,"column":7},"end":{"line":31,"column":null}},"3":{"start":{"line":8,"column":13},"end":{"line":8,"column":24}},"4":{"start":{"line":11,"column":2},"end":{"line":11,"column":null}},"5":{"start":{"line":14,"column":2},"end":{"line":14,"column":null}},"6":{"start":{"line":18,"column":2},"end":{"line":18,"column":null}},"7":{"start":{"line":22,"column":2},"end":{"line":22,"column":null}},"8":{"start":{"line":26,"column":2},"end":{"line":26,"column":null}},"9":{"start":{"line":24,"column":18},"end":{"line":24,"column":25}},"10":{"start":{"line":29,"column":2},"end":{"line":29,"column":null}},"11":{"start":{"line":28,"column":17},"end":{"line":28,"column":24}},"12":{"start":{"line":8,"column":13},"end":{"line":31,"column":null}}},"fnMap":{"0":{"name":"(anonymous_2)","decl":{"start":{"line":24,"column":14},"end":{"line":24,"column":16}},"loc":{"start":{"line":24,"column":18},"end":{"line":24,"column":25}}},"1":{"name":"(anonymous_3)","decl":{"start":{"line":28,"column":13},"end":{"line":28,"column":15}},"loc":{"start":{"line":28,"column":17},"end":{"line":28,"column":24}}}},"branchMap":{},"s":{"0":2,"1":2,"2":2,"3":2,"4":2,"5":2,"6":2,"7":2,"8":2,"9":0,"10":2,"11":0,"12":2},"f":{"0":0,"1":0},"b":{}}
,"C:\\Users\\ender\\OneDrive\\Planner\\ProjectX\\server\\src\\model\\domain\\entities\\tasks\\subtasks.ts": {"path":"C:\\Users\\ender\\OneDrive\\Planner\\ProjectX\\server\\src\\model\\domain\\entities\\tasks\\subtasks.ts","statementMap":{"0":{"start":{"line":1,"column":0},"end":{"line":1,"column":98}},"1":{"start":{"line":2,"column":0},"end":{"line":2,"column":31}},"2":{"start":{"line":3,"column":0},"end":{"line":3,"column":45}},"3":{"start":{"line":4,"column":0},"end":{"line":4,"column":43}},"4":{"start":{"line":8,"column":7},"end":{"line":29,"column":null}},"5":{"start":{"line":8,"column":13},"end":{"line":8,"column":20}},"6":{"start":{"line":11,"column":2},"end":{"line":11,"column":null}},"7":{"start":{"line":14,"column":2},"end":{"line":14,"column":null}},"8":{"start":{"line":18,"column":2},"end":{"line":18,"column":null}},"9":{"start":{"line":16,"column":18},"end":{"line":16,"column":22}},"10":{"start":{"line":21,"column":2},"end":{"line":21,"column":null}},"11":{"start":{"line":20,"column":17},"end":{"line":20,"column":21}},"12":{"start":{"line":24,"column":2},"end":{"line":24,"column":null}},"13":{"start":{"line":23,"column":14},"end":{"line":23,"column":25}},"14":{"start":{"line":27,"column":2},"end":{"line":27,"column":null}},"15":{"start":{"line":26,"column":15},"end":{"line":26,"column":25}},"16":{"start":{"line":8,"column":13},"end":{"line":29,"column":null}}},"fnMap":{"0":{"name":"(anonymous_2)","decl":{"start":{"line":16,"column":14},"end":{"line":16,"column":16}},"loc":{"start":{"line":16,"column":18},"end":{"line":16,"column":22}}},"1":{"name":"(anonymous_3)","decl":{"start":{"line":20,"column":13},"end":{"line":20,"column":15}},"loc":{"start":{"line":20,"column":17},"end":{"line":20,"column":21}}},"2":{"name":"(anonymous_4)","decl":{"start":{"line":23,"column":10},"end":{"line":23,"column":12}},"loc":{"start":{"line":23,"column":14},"end":{"line":23,"column":25}}},"3":{"name":"(anonymous_5)","decl":{"start":{"line":26,"column":11},"end":{"line":26,"column":13}},"loc":{"start":{"line":26,"column":15},"end":{"line":26,"column":25}}}},"branchMap":{},"s":{"0":2,"1":2,"2":2,"3":2,"4":2,"5":2,"6":2,"7":2,"8":2,"9":0,"10":2,"11":0,"12":2,"13":0,"14":2,"15":0,"16":2},"f":{"0":0,"1":0,"2":0,"3":0},"b":{}}
,"C:\\Users\\ender\\OneDrive\\Planner\\ProjectX\\server\\src\\model\\domain\\entities\\tasks\\tasks.ts": {"path":"C:\\Users\\ender\\OneDrive\\Planner\\ProjectX\\server\\src\\model\\domain\\entities\\tasks\\tasks.ts","statementMap":{"0":{"start":{"line":1,"column":0},"end":{"line":1,"column":90}},"1":{"start":{"line":2,"column":0},"end":{"line":2,"column":31}},"2":{"start":{"line":3,"column":0},"end":{"line":3,"column":37}},"3":{"start":{"line":7,"column":7},"end":{"line":25,"column":null}},"4":{"start":{"line":7,"column":13},"end":{"line":7,"column":17}},"5":{"start":{"line":10,"column":2},"end":{"line":10,"column":null}},"6":{"start":{"line":13,"column":2},"end":{"line":13,"column":null}},"7":{"start":{"line":17,"column":2},"end":{"line":17,"column":null}},"8":{"start":{"line":15,"column":18},"end":{"line":15,"column":22}},"9":{"start":{"line":20,"column":2},"end":{"line":20,"column":null}},"10":{"start":{"line":19,"column":17},"end":{"line":19,"column":21}},"11":{"start":{"line":23,"column":2},"end":{"line":23,"column":null}},"12":{"start":{"line":22,"column":15},"end":{"line":22,"column":22}},"13":{"start":{"line":7,"column":13},"end":{"line":25,"column":null}}},"fnMap":{"0":{"name":"(anonymous_2)","decl":{"start":{"line":15,"column":14},"end":{"line":15,"column":16}},"loc":{"start":{"line":15,"column":18},"end":{"line":15,"column":22}}},"1":{"name":"(anonymous_3)","decl":{"start":{"line":19,"column":13},"end":{"line":19,"column":15}},"loc":{"start":{"line":19,"column":17},"end":{"line":19,"column":21}}},"2":{"name":"(anonymous_4)","decl":{"start":{"line":22,"column":11},"end":{"line":22,"column":13}},"loc":{"start":{"line":22,"column":15},"end":{"line":22,"column":22}}}},"branchMap":{},"s":{"0":2,"1":2,"2":2,"3":2,"4":2,"5":2,"6":2,"7":2,"8":0,"9":2,"10":0,"11":2,"12":0,"13":2},"f":{"0":0,"1":0,"2":0},"b":{}}
,"C:\\Users\\ender\\OneDrive\\Planner\\ProjectX\\server\\src\\model\\domain\\entities\\user\\users.ts": {"path":"C:\\Users\\ender\\OneDrive\\Planner\\ProjectX\\server\\src\\model\\domain\\entities\\user\\users.ts","statementMap":{"0":{"start":{"line":1,"column":0},"end":{"line":1,"column":null}},"1":{"start":{"line":10,"column":0},"end":{"line":10,"column":53}},"2":{"start":{"line":11,"column":0},"end":{"line":11,"column":40}},"3":{"start":{"line":12,"column":0},"end":{"line":12,"column":38}},"4":{"start":{"line":13,"column":0},"end":{"line":13,"column":42}},"5":{"start":{"line":16,"column":7},"end":{"line":49,"column":null}},"6":{"start":{"line":16,"column":13},"end":{"line":16,"column":17}},"7":{"start":{"line":21,"column":2},"end":{"line":21,"column":null}},"8":{"start":{"line":26,"column":2},"end":{"line":26,"column":null}},"9":{"start":{"line":30,"column":2},"end":{"line":30,"column":null}},"10":{"start":{"line":33,"column":2},"end":{"line":33,"column":null}},"11":{"start":{"line":36,"column":2},"end":{"line":36,"column":null}},"12":{"start":{"line":39,"column":2},"end":{"line":39,"column":null}},"13":{"start":{"line":38,"column":17},"end":{"line":38,"column":23}},"14":{"start":{"line":42,"column":2},"end":{"line":42,"column":null}},"15":{"start":{"line":41,"column":17},"end":{"line":41,"column":26}},"16":{"start":{"line":45,"column":2},"end":{"line":45,"column":null}},"17":{"start":{"line":44,"column":16},"end":{"line":44,"column":24}},"18":{"start":{"line":48,"column":2},"end":{"line":48,"column":null}},"19":{"start":{"line":47,"column":17},"end":{"line":47,"column":24}},"20":{"start":{"line":16,"column":13},"end":{"line":49,"column":null}}},"fnMap":{"0":{"name":"(anonymous_2)","decl":{"start":{"line":38,"column":11},"end":{"line":38,"column":14}},"loc":{"start":{"line":38,"column":17},"end":{"line":38,"column":23}}},"1":{"name":"(anonymous_3)","decl":{"start":{"line":41,"column":11},"end":{"line":41,"column":14}},"loc":{"start":{"line":41,"column":17},"end":{"line":41,"column":26}}},"2":{"name":"(anonymous_4)","decl":{"start":{"line":44,"column":10},"end":{"line":44,"column":13}},"loc":{"start":{"line":44,"column":16},"end":{"line":44,"column":24}}},"3":{"name":"(anonymous_5)","decl":{"start":{"line":47,"column":11},"end":{"line":47,"column":14}},"loc":{"start":{"line":47,"column":17},"end":{"line":47,"column":24}}}},"branchMap":{},"s":{"0":1,"1":1,"2":1,"3":1,"4":1,"5":1,"6":1,"7":1,"8":1,"9":1,"10":1,"11":1,"12":1,"13":0,"14":1,"15":0,"16":1,"17":0,"18":1,"19":0,"20":1},"f":{"0":0,"1":0,"2":0,"3":0},"b":{}}
,"C:\\Users\\ender\\OneDrive\\Planner\\ProjectX\\server\\src\\model\\domain\\entities\\user\\usersBanks.ts": {"path":"C:\\Users\\ender\\OneDrive\\Planner\\ProjectX\\server\\src\\model\\domain\\entities\\user\\usersBanks.ts","statementMap":{"0":{"start":{"line":1,"column":0},"end":{"line":1,"column":97}},"1":{"start":{"line":2,"column":0},"end":{"line":2,"column":31}},"2":{"start":{"line":6,"column":7},"end":{"line":27,"column":null}},"3":{"start":{"line":6,"column":13},"end":{"line":6,"column":21}},"4":{"start":{"line":11,"column":2},"end":{"line":11,"column":null}},"5":{"start":{"line":16,"column":2},"end":{"line":16,"column":null}},"6":{"start":{"line":22,"column":2},"end":{"line":22,"column":null}},"7":{"start":{"line":20,"column":18},"end":{"line":20,"column":22}},"8":{"start":{"line":25,"column":2},"end":{"line":25,"column":null}},"9":{"start":{"line":24,"column":17},"end":{"line":24,"column":21}},"10":{"start":{"line":6,"column":13},"end":{"line":27,"column":null}}},"fnMap":{"0":{"name":"(anonymous_2)","decl":{"start":{"line":20,"column":14},"end":{"line":20,"column":16}},"loc":{"start":{"line":20,"column":18},"end":{"line":20,"column":22}}},"1":{"name":"(anonymous_3)","decl":{"start":{"line":24,"column":13},"end":{"line":24,"column":15}},"loc":{"start":{"line":24,"column":17},"end":{"line":24,"column":21}}}},"branchMap":{},"s":{"0":2,"1":2,"2":2,"3":2,"4":2,"5":2,"6":2,"7":0,"8":2,"9":0,"10":2},"f":{"0":0,"1":0},"b":{}}
,"C:\\Users\\ender\\OneDrive\\Planner\\ProjectX\\server\\src\\model\\domain\\entities\\user\\usersPets.ts": {"path":"C:\\Users\\ender\\OneDrive\\Planner\\ProjectX\\server\\src\\model\\domain\\entities\\user\\usersPets.ts","statementMap":{"0":{"start":{"line":1,"column":0},"end":{"line":1,"column":null}},"1":{"start":{"line":8,"column":0},"end":{"line":8,"column":31}},"2":{"start":{"line":11,"column":7},"end":{"line":27,"column":null}},"3":{"start":{"line":11,"column":13},"end":{"line":11,"column":20}},"4":{"start":{"line":13,"column":2},"end":{"line":13,"column":null}},"5":{"start":{"line":16,"column":2},"end":{"line":16,"column":null}},"6":{"start":{"line":19,"column":2},"end":{"line":19,"column":null}},"7":{"start":{"line":23,"column":2},"end":{"line":23,"column":null}},"8":{"start":{"line":21,"column":20},"end":{"line":21,"column":24}},"9":{"start":{"line":26,"column":2},"end":{"line":26,"column":null}},"10":{"start":{"line":25,"column":19},"end":{"line":25,"column":23}},"11":{"start":{"line":11,"column":13},"end":{"line":27,"column":null}}},"fnMap":{"0":{"name":"(anonymous_2)","decl":{"start":{"line":21,"column":14},"end":{"line":21,"column":17}},"loc":{"start":{"line":21,"column":20},"end":{"line":21,"column":24}}},"1":{"name":"(anonymous_3)","decl":{"start":{"line":25,"column":13},"end":{"line":25,"column":16}},"loc":{"start":{"line":25,"column":19},"end":{"line":25,"column":23}}}},"branchMap":{},"s":{"0":2,"1":2,"2":2,"3":2,"4":2,"5":2,"6":2,"7":2,"8":0,"9":2,"10":0,"11":2},"f":{"0":0,"1":0},"b":{}}
,"C:\\Users\\ender\\OneDrive\\Planner\\ProjectX\\server\\src\\model\\services\\implementations\\usersServices\\UserBankService.ts": {"path":"C:\\Users\\ender\\OneDrive\\Planner\\ProjectX\\server\\src\\model\\services\\implementations\\usersServices\\UserBankService.ts","statementMap":{"0":{"start":{"line":1,"column":0},"end":{"line":1,"column":68}},"1":{"start":{"line":6,"column":19},"end":{"line":6,"column":60}},"2":{"start":{"line":8,"column":4},"end":{"line":8,"column":33}},"3":{"start":{"line":12,"column":4},"end":{"line":12,"column":60}},"4":{"start":{"line":14,"column":19},"end":{"line":14,"column":51}},"5":{"start":{"line":16,"column":4},"end":{"line":16,"column":18}},"6":{"start":{"line":20,"column":19},"end":{"line":20,"column":43}},"7":{"start":{"line":22,"column":4},"end":{"line":22,"column":18}},"8":{"start":{"line":26,"column":19},"end":{"line":26,"column":60}},"9":{"start":{"line":28,"column":4},"end":{"line":28,"column":18}},"10":{"start":{"line":32,"column":19},"end":{"line":32,"column":50}},"11":{"start":{"line":34,"column":4},"end":{"line":34,"column":18}},"12":{"start":{"line":38,"column":4},"end":{"line":38,"column":46}},"13":{"start":{"line":40,"column":4},"end":{"line":40,"column":16}},"14":{"start":{"line":43,"column":13},"end":{"line":43,"column":53}}},"fnMap":{"0":{"name":"(anonymous_7)","decl":{"start":{"line":5,"column":8},"end":{"line":5,"column":18}},"loc":{"start":{"line":5,"column":29},"end":{"line":9,"column":null}}},"1":{"name":"(anonymous_9)","decl":{"start":{"line":11,"column":8},"end":{"line":11,"column":14}},"loc":{"start":{"line":11,"column":29},"end":{"line":17,"column":null}}},"2":{"name":"(anonymous_11)","decl":{"start":{"line":19,"column":8},"end":{"line":19,"column":14}},"loc":{"start":{"line":19,"column":14},"end":{"line":23,"column":null}}},"3":{"name":"(anonymous_13)","decl":{"start":{"line":25,"column":8},"end":{"line":25,"column":19}},"loc":{"start":{"line":25,"column":30},"end":{"line":29,"column":null}}},"4":{"name":"(anonymous_15)","decl":{"start":{"line":31,"column":8},"end":{"line":31,"column":14}},"loc":{"start":{"line":31,"column":33},"end":{"line":35,"column":null}}},"5":{"name":"(anonymous_17)","decl":{"start":{"line":37,"column":8},"end":{"line":37,"column":18}},"loc":{"start":{"line":37,"column":29},"end":{"line":41,"column":null}}}},"branchMap":{"0":{"loc":{"start":{"line":8,"column":11},"end":{"line":8,"column":32}},"type":"cond-expr","locations":[{"start":{"line":8,"column":20},"end":{"line":8,"column":24}},{"start":{"line":8,"column":27},"end":{"line":8,"column":32}}]}},"s":{"0":1,"1":0,"2":0,"3":0,"4":0,"5":0,"6":0,"7":0,"8":0,"9":0,"10":0,"11":0,"12":0,"13":0,"14":1},"f":{"0":0,"1":0,"2":0,"3":0,"4":0,"5":0},"b":{"0":[0,0]}}
,"C:\\Users\\ender\\OneDrive\\Planner\\ProjectX\\server\\src\\model\\services\\implementations\\usersServices\\UserService.ts": {"path":"C:\\Users\\ender\\OneDrive\\Planner\\ProjectX\\server\\src\\model\\services\\implementations\\usersServices\\UserService.ts","statementMap":{"0":{"start":{"line":1,"column":0},"end":{"line":1,"column":75}},"1":{"start":{"line":2,"column":0},"end":{"line":2,"column":64}},"2":{"start":{"line":3,"column":0},"end":{"line":3,"column":60}},"3":{"start":{"line":4,"column":0},"end":{"line":4,"column":74}},"4":{"start":{"line":5,"column":0},"end":{"line":5,"column":66}},"5":{"start":{"line":6,"column":0},"end":{"line":6,"column":60}},"6":{"start":{"line":7,"column":0},"end":{"line":7,"column":59}},"7":{"start":{"line":8,"column":0},"end":{"line":8,"column":68}},"8":{"start":{"line":9,"column":0},"end":{"line":9,"column":66}},"9":{"start":{"line":12,"column":0},"end":{"line":12,"column":52}},"10":{"start":{"line":16,"column":19},"end":{"line":16,"column":66}},"11":{"start":{"line":18,"column":4},"end":{"line":18,"column":18}},"12":{"start":{"line":21,"column":19},"end":{"line":21,"column":66}},"13":{"start":{"line":23,"column":4},"end":{"line":23,"column":18}},"14":{"start":{"line":27,"column":19},"end":{"line":27,"column":73}},"15":{"start":{"line":29,"column":4},"end":{"line":29,"column":18}},"16":{"start":{"line":33,"column":19},"end":{"line":33,"column":71}},"17":{"start":{"line":35,"column":4},"end":{"line":35,"column":18}},"18":{"start":{"line":39,"column":19},"end":{"line":60,"column":6}},"19":{"start":{"line":62,"column":4},"end":{"line":62,"column":18}},"20":{"start":{"line":66,"column":19},"end":{"line":66,"column":56}},"21":{"start":{"line":68,"column":4},"end":{"line":68,"column":33}},"22":{"start":{"line":72,"column":4},"end":{"line":72,"column":56}},"23":{"start":{"line":74,"column":19},"end":{"line":74,"column":47}},"24":{"start":{"line":76,"column":4},"end":{"line":76,"column":18}},"25":{"start":{"line":80,"column":19},"end":{"line":80,"column":39}},"26":{"start":{"line":82,"column":4},"end":{"line":82,"column":18}},"27":{"start":{"line":86,"column":19},"end":{"line":86,"column":56}},"28":{"start":{"line":88,"column":4},"end":{"line":88,"column":18}},"29":{"start":{"line":92,"column":19},"end":{"line":92,"column":42}},"30":{"start":{"line":94,"column":28},"end":{"line":96,"column":6}},"31":{"start":{"line":98,"column":4},"end":{"line":98,"column":59}},"32":{"start":{"line":100,"column":4},"end":{"line":100,"column":18}},"33":{"start":{"line":104,"column":4},"end":{"line":104,"column":54}},"34":{"start":{"line":106,"column":4},"end":{"line":106,"column":42}},"35":{"start":{"line":108,"column":4},"end":{"line":108,"column":16}},"36":{"start":{"line":111,"column":13},"end":{"line":111,"column":45}}},"fnMap":{"0":{"name":"(anonymous_7)","decl":{"start":{"line":15,"column":8},"end":{"line":15,"column":18}},"loc":{"start":{"line":15,"column":32},"end":{"line":19,"column":null}}},"1":{"name":"(anonymous_9)","decl":{"start":{"line":20,"column":8},"end":{"line":20,"column":18}},"loc":{"start":{"line":20,"column":32},"end":{"line":24,"column":null}}},"2":{"name":"(anonymous_11)","decl":{"start":{"line":26,"column":8},"end":{"line":26,"column":21}},"loc":{"start":{"line":26,"column":36},"end":{"line":30,"column":null}}},"3":{"name":"(anonymous_13)","decl":{"start":{"line":32,"column":8},"end":{"line":32,"column":20}},"loc":{"start":{"line":32,"column":35},"end":{"line":36,"column":null}}},"4":{"name":"(anonymous_15)","decl":{"start":{"line":38,"column":8},"end":{"line":38,"column":18}},"loc":{"start":{"line":38,"column":33},"end":{"line":63,"column":null}}},"5":{"name":"(anonymous_17)","decl":{"start":{"line":65,"column":8},"end":{"line":65,"column":18}},"loc":{"start":{"line":65,"column":29},"end":{"line":69,"column":null}}},"6":{"name":"(anonymous_19)","decl":{"start":{"line":71,"column":8},"end":{"line":71,"column":14}},"loc":{"start":{"line":71,"column":25},"end":{"line":77,"column":null}}},"7":{"name":"(anonymous_21)","decl":{"start":{"line":79,"column":8},"end":{"line":79,"column":14}},"loc":{"start":{"line":79,"column":14},"end":{"line":83,"column":null}}},"8":{"name":"(anonymous_23)","decl":{"start":{"line":85,"column":8},"end":{"line":85,"column":19}},"loc":{"start":{"line":85,"column":30},"end":{"line":89,"column":null}}},"9":{"name":"(anonymous_25)","decl":{"start":{"line":91,"column":8},"end":{"line":91,"column":14}},"loc":{"start":{"line":91,"column":25},"end":{"line":101,"column":null}}},"10":{"name":"(anonymous_27)","decl":{"start":{"line":103,"column":8},"end":{"line":103,"column":18}},"loc":{"start":{"line":103,"column":29},"end":{"line":109,"column":null}}}},"branchMap":{"0":{"loc":{"start":{"line":68,"column":11},"end":{"line":68,"column":32}},"type":"cond-expr","locations":[{"start":{"line":68,"column":20},"end":{"line":68,"column":24}},{"start":{"line":68,"column":27},"end":{"line":68,"column":32}}]}},"s":{"0":1,"1":1,"2":1,"3":1,"4":1,"5":1,"6":1,"7":1,"8":1,"9":1,"10":0,"11":0,"12":1,"13":1,"14":0,"15":0,"16":0,"17":0,"18":0,"19":0,"20":0,"21":0,"22":0,"23":0,"24":0,"25":0,"26":0,"27":0,"28":0,"29":0,"30":0,"31":0,"32":0,"33":0,"34":0,"35":0,"36":1},"f":{"0":0,"1":1,"2":0,"3":0,"4":0,"5":0,"6":0,"7":0,"8":0,"9":0,"10":0},"b":{"0":[0,0]}}
}
