TN:
SF:src\controllers\UserController.ts
FN:5,(anonymous_7)
FN:14,(anonymous_9)
FN:23,(anonymous_11)
FN:32,(anonymous_13)
FNF:4
FNH:1
FNDA:0,(anonymous_7)
FNDA:0,(anonymous_9)
FNDA:0,(anonymous_11)
FNDA:1,(anonymous_13)
DA:2,1
DA:4,1
DA:6,0
DA:7,0
DA:8,0
DA:10,0
DA:15,0
DA:16,0
DA:17,0
DA:19,0
DA:24,0
DA:25,0
DA:26,0
DA:28,0
DA:33,1
DA:34,1
DA:35,1
DA:37,0
LF:18
LH:5
BRF:0
BRH:0
end_of_record
TN:
SF:src\model\domain\entities\dailyTasks\dailySubtaskNotificationTime.ts
FN:18,(anonymous_2)
FN:22,(anonymous_3)
FNF:2
FNH:0
FNDA:0,(anonymous_2)
FNDA:0,(anonymous_3)
DA:1,2
DA:11,2
DA:14,2
DA:16,2
DA:18,0
DA:20,2
DA:22,0
DA:23,2
LF:8
LH:6
BRF:0
BRH:0
end_of_record
TN:
SF:src\model\domain\entities\dailyTasks\dailySubtaskNotifications.ts
FN:25,(anonymous_2)
FN:29,(anonymous_3)
FN:32,(anonymous_4)
FNF:3
FNH:0
FNDA:0,(anonymous_2)
FNDA:0,(anonymous_3)
FNDA:0,(anonymous_4)
DA:1,2
DA:11,2
DA:12,2
DA:15,2
DA:17,2
DA:20,2
DA:23,2
DA:25,0
DA:27,2
DA:29,0
DA:30,2
DA:32,0
DA:33,2
LF:13
LH:10
BRF:0
BRH:0
end_of_record
TN:
SF:src\model\domain\entities\dailyTasks\dailySubtasks.ts
FN:33,(anonymous_2)
FN:37,(anonymous_3)
FN:40,(anonymous_4)
FNF:3
FNH:0
FNDA:0,(anonymous_2)
FNDA:0,(anonymous_3)
FNDA:0,(anonymous_4)
DA:1,2
DA:12,2
DA:13,2
DA:17,2
DA:19,2
DA:23,2
DA:27,2
DA:31,2
DA:33,0
DA:35,2
DA:37,0
DA:38,2
DA:40,0
DA:41,2
LF:14
LH:11
BRF:0
BRH:0
end_of_record
TN:
SF:src\model\domain\entities\dailyTasks\dailyTasks.ts
FN:14,(anonymous_2)
FN:18,(anonymous_3)
FN:21,(anonymous_4)
FNF:3
FNH:0
FNDA:0,(anonymous_2)
FNDA:0,(anonymous_3)
FNDA:0,(anonymous_4)
DA:1,2
DA:2,2
DA:3,2
DA:7,2
DA:9,2
DA:12,2
DA:14,0
DA:16,2
DA:18,0
DA:19,2
DA:21,0
DA:22,2
LF:12
LH:9
BRF:0
BRH:0
end_of_record
TN:
SF:src\model\domain\entities\tasks\attachments.ts
FN:11,(anonymous_2)
FN:15,(anonymous_3)
FNF:2
FNH:0
FNDA:0,(anonymous_2)
FNDA:0,(anonymous_3)
DA:1,2
DA:2,2
DA:6,2
DA:9,2
DA:11,0
DA:13,2
DA:15,0
DA:16,2
LF:8
LH:6
BRF:0
BRH:0
end_of_record
TN:
SF:src\model\domain\entities\tasks\folderChild.ts
FN:8,(anonymous_2)
FN:12,(anonymous_3)
FNF:2
FNH:0
FNDA:0,(anonymous_2)
FNDA:0,(anonymous_3)
DA:1,2
DA:2,2
DA:6,2
DA:8,0
DA:10,2
DA:12,0
DA:14,2
LF:7
LH:5
BRF:0
BRH:0
end_of_record
TN:
SF:src\model\domain\entities\tasks\folderParent.ts
FN:9,(anonymous_2)
FN:13,(anonymous_3)
FNF:2
FNH:0
FNDA:0,(anonymous_2)
FNDA:0,(anonymous_3)
DA:1,2
DA:3,2
DA:7,2
DA:9,0
DA:11,2
DA:13,0
DA:15,2
LF:7
LH:5
BRF:0
BRH:0
end_of_record
TN:
SF:src\model\domain\entities\tasks\folders.ts
FN:18,(anonymous_2)
FN:22,(anonymous_3)
FN:25,(anonymous_4)
FN:28,(anonymous_5)
FN:28,(anonymous_6)
FN:31,(anonymous_7)
FN:31,(anonymous_8)
FNF:7
FNH:0
FNDA:0,(anonymous_2)
FNDA:0,(anonymous_3)
FNDA:0,(anonymous_4)
FNDA:0,(anonymous_5)
FNDA:0,(anonymous_6)
FNDA:0,(anonymous_7)
FNDA:0,(anonymous_8)
DA:1,2
DA:2,2
DA:3,2
DA:4,2
DA:5,2
DA:9,2
DA:12,2
DA:16,2
DA:18,0
DA:20,2
DA:22,0
DA:23,2
DA:25,0
DA:26,2
DA:28,0
DA:29,2
DA:31,0
DA:32,2
LF:18
LH:13
BRF:0
BRH:0
end_of_record
TN:
SF:src\model\domain\entities\tasks\goals.ts
FN:18,(anonymous_2)
FN:22,(anonymous_3)
FN:25,(anonymous_4)
FNF:3
FNH:0
FNDA:0,(anonymous_2)
FNDA:0,(anonymous_3)
FNDA:0,(anonymous_4)
DA:1,2
DA:2,2
DA:3,2
DA:7,2
DA:10,2
DA:13,2
DA:16,2
DA:18,0
DA:20,2
DA:22,0
DA:23,2
DA:25,0
DA:26,2
LF:13
LH:10
BRF:0
BRH:0
end_of_record
TN:
SF:src\model\domain\entities\tasks\subtaskInfos.ts
FN:24,(anonymous_2)
FN:28,(anonymous_3)
FNF:2
FNH:0
FNDA:0,(anonymous_2)
FNDA:0,(anonymous_3)
DA:1,2
DA:4,2
DA:8,2
DA:11,2
DA:14,2
DA:18,2
DA:22,2
DA:24,0
DA:26,2
DA:28,0
DA:29,2
LF:11
LH:9
BRF:0
BRH:0
end_of_record
TN:
SF:src\model\domain\entities\tasks\subtasks.ts
FN:16,(anonymous_2)
FN:20,(anonymous_3)
FN:23,(anonymous_4)
FN:26,(anonymous_5)
FNF:4
FNH:0
FNDA:0,(anonymous_2)
FNDA:0,(anonymous_3)
FNDA:0,(anonymous_4)
FNDA:0,(anonymous_5)
DA:1,2
DA:2,2
DA:3,2
DA:4,2
DA:8,2
DA:11,2
DA:14,2
DA:16,0
DA:18,2
DA:20,0
DA:21,2
DA:23,0
DA:24,2
DA:26,0
DA:27,2
LF:15
LH:11
BRF:0
BRH:0
end_of_record
TN:
SF:src\model\domain\entities\tasks\tasks.ts
FN:15,(anonymous_2)
FN:19,(anonymous_3)
FN:22,(anonymous_4)
FNF:3
FNH:0
FNDA:0,(anonymous_2)
FNDA:0,(anonymous_3)
FNDA:0,(anonymous_4)
DA:1,2
DA:2,2
DA:3,2
DA:7,2
DA:10,2
DA:13,2
DA:15,0
DA:17,2
DA:19,0
DA:20,2
DA:22,0
DA:23,2
LF:12
LH:9
BRF:0
BRH:0
end_of_record
TN:
SF:src\model\domain\entities\user\users.ts
FN:38,(anonymous_2)
FN:41,(anonymous_3)
FN:44,(anonymous_4)
FN:47,(anonymous_5)
FNF:4
FNH:0
FNDA:0,(anonymous_2)
FNDA:0,(anonymous_3)
FNDA:0,(anonymous_4)
FNDA:0,(anonymous_5)
DA:1,1
DA:10,1
DA:11,1
DA:12,1
DA:13,1
DA:16,1
DA:21,1
DA:26,1
DA:30,1
DA:33,1
DA:36,1
DA:38,0
DA:39,1
DA:41,0
DA:42,1
DA:44,0
DA:45,1
DA:47,0
DA:48,1
LF:19
LH:15
BRF:0
BRH:0
end_of_record
TN:
SF:src\model\domain\entities\user\usersBanks.ts
FN:20,(anonymous_2)
FN:24,(anonymous_3)
FNF:2
FNH:0
FNDA:0,(anonymous_2)
FNDA:0,(anonymous_3)
DA:1,2
DA:2,2
DA:6,2
DA:11,2
DA:16,2
DA:20,0
DA:22,2
DA:24,0
DA:25,2
LF:9
LH:7
BRF:0
BRH:0
end_of_record
TN:
SF:src\model\domain\entities\user\usersPets.ts
FN:21,(anonymous_2)
FN:25,(anonymous_3)
FNF:2
FNH:0
FNDA:0,(anonymous_2)
FNDA:0,(anonymous_3)
DA:1,2
DA:8,2
DA:11,2
DA:13,2
DA:16,2
DA:19,2
DA:21,0
DA:23,2
DA:25,0
DA:26,2
LF:10
LH:8
BRF:0
BRH:0
end_of_record
TN:
SF:src\model\services\implementations\usersServices\UserBankService.ts
FN:5,(anonymous_7)
FN:11,(anonymous_9)
FN:19,(anonymous_11)
FN:25,(anonymous_13)
FN:31,(anonymous_15)
FN:37,(anonymous_17)
FNF:6
FNH:0
FNDA:0,(anonymous_7)
FNDA:0,(anonymous_9)
FNDA:0,(anonymous_11)
FNDA:0,(anonymous_13)
FNDA:0,(anonymous_15)
FNDA:0,(anonymous_17)
DA:1,1
DA:6,0
DA:8,0
DA:12,0
DA:14,0
DA:16,0
DA:20,0
DA:22,0
DA:26,0
DA:28,0
DA:32,0
DA:34,0
DA:38,0
DA:40,0
DA:43,1
LF:15
LH:2
BRDA:8,0,0,0
BRDA:8,0,1,0
BRF:2
BRH:0
end_of_record
TN:
SF:src\model\services\implementations\usersServices\UserService.ts
FN:15,(anonymous_7)
FN:20,(anonymous_9)
FN:26,(anonymous_11)
FN:32,(anonymous_13)
FN:38,(anonymous_15)
FN:65,(anonymous_17)
FN:71,(anonymous_19)
FN:79,(anonymous_21)
FN:85,(anonymous_23)
FN:91,(anonymous_25)
FN:103,(anonymous_27)
FNF:11
FNH:1
FNDA:0,(anonymous_7)
FNDA:1,(anonymous_9)
FNDA:0,(anonymous_11)
FNDA:0,(anonymous_13)
FNDA:0,(anonymous_15)
FNDA:0,(anonymous_17)
FNDA:0,(anonymous_19)
FNDA:0,(anonymous_21)
FNDA:0,(anonymous_23)
FNDA:0,(anonymous_25)
FNDA:0,(anonymous_27)
DA:1,1
DA:2,1
DA:3,1
DA:4,1
DA:5,1
DA:6,1
DA:7,1
DA:8,1
DA:9,1
DA:12,1
DA:16,0
DA:18,0
DA:21,1
DA:23,1
DA:27,0
DA:29,0
DA:33,0
DA:35,0
DA:39,0
DA:62,0
DA:66,0
DA:68,0
DA:72,0
DA:74,0
DA:76,0
DA:80,0
DA:82,0
DA:86,0
DA:88,0
DA:92,0
DA:94,0
DA:98,0
DA:100,0
DA:104,0
DA:106,0
DA:108,0
DA:111,1
LF:37
LH:13
BRDA:68,0,0,0
BRDA:68,0,1,0
BRF:2
BRH:0
end_of_record
